THERM_MAIN                                                                                                              PAGE 1
                         1     ;;;;;;Assign Port Names;;;;;;
  00A7                   2     RS EQU P2.7
  00A6                   3     RW EQU P2.6
  00A5                   4     E  EQU P2.5
                         5     ;;;;;;Init Variables;;;;;;
  0048                   6     TEMP EQU 48H
  0049                   7     HUM  EQU 49H
                         8     ORG 000H
                         9     ;;;;;;INIT;;;;;;
                        10     INIT:                   ;Program Initialization
0000 9001CF             11     MOV DPTR,#VALUES                ;Move DPTR to Values LUT
0003 D2B5               12     SETB P3.5                       ;Set DHT11 Data Port
0005 C2A0               13     CLR P2.0                        ;Clear Output*
0007 758921             14     MOV TMOD,#00100001B             ;Set TMOD
000A 758B00             15     MOV TL1,#00D                    ;Set Timer Low Byte
000D 120196             16     LCALL LCD_INIT                  ;Call LCD Init subroutine
0010 120101             17     LCALL WELCOME                   ;Call Welcome Text
                        18
                        19     MAIN:                   ;Main Routine
0013 7908               20     MOV R1,#8D                      ;Set R1 -> 8D ->08H
0015 D2B5               21     SETB P3.5                       ;Set DHT11 Data Port
0017 C2B5               22     CLR P3.5                        ;Clear DHT11 Data Port
                        23     ;LCALL DELAY1                   ;Delay
0019 D2B5               24     SETB P3.5                       ;Set DHT11 Data Port
001B 20B5FD             25     WAIT1:JB P3.5,$                 ;Wait till Data Port LOW
001E 30B5FD             26     WAIT2:JNB P3.5,$                ;Wait till Data Port HIGH
0021 20B5FD             27     WAIT3:JB P3.5,$                 ;Wait till Data Port LOW
                        28
                        29     DATALOOP:               ;DHT11 Data Colection LOOP
0024 30B5FD             30     JNB P3.5,DATALOOP               ;Wait till Data Port HIGH
0027 23                 31     RL A                            ;Rotate ACC Left
0028 F8                 32     MOV R0,A                        ;Move ACC to Register 0
0029 D28E               33     SETB TR1                        ;SET Timer 1 RUN
                        34     WAIT4:
002B 20B5FD             35     JB P3.5,$                       ;Wait till Data Port LOW
002E C28E               36     CLR TR1                         ;Stop Timer 1
0030 E58B               37     MOV A,TL1                       ;Move Timer 1 Low to ACC
0032 9432               38     SUBB A,#50D                     ;ACC - 50D[00110010b] If carry is set, bit is low
0034 E8                 39     MOV A,R0                        ;Move Register 0 to ACC
0035 20D704             40     JB PSW.7, LOW                   ;Jump to Next if Carry High
0038 D2E0               41     SETB ACC.0                      ;Set ACC.0 to 1 -- High Bit Recieved
003A 8002               42     SJMP DISP                       ;Jump to DISP
                        43
                        44     LOW:
003C C2E0               45     CLR ACC.0                       ;Clear ACC Bit 0 -- Low Bit Recieved
                        46
                        47     DISP:
003E 758B00             48     MOV TL1,#00D                    ;Set Timer 1 Low -> 0H
0041 C2D7               49     CLR PSW.7                       ;Clear carry flag
0043 D9DF               50     DJNZ R1,DATALOOP                ;Decrement R1, and Jump to DATALOOP if not zero
0045 20D60A             51     JB PSW.6, AGAIN                 ;Jump if Decimal skip bit = 1
0048 20D50C             52     JB PSW.5, SAVETEMP              ;If F0 is 1, Save Temp
                        53     SAVEHUM:
004B F549               54     MOV HUM, A                      ;Store Accumulator Value in HUM
004D D2D6               55     SETB PSW.6                      ;Set Skip Decimal Data
004F 020024             56     LJMP DATALOOP
                        57     AGAIN:
0052 D2D5               58     SETB PSW.5                      ;Set Directing bit   0 = HUM   1 = TEMP
0054 020024             59     LJMP DATALOOP
                        60     SAVETEMP:
0057 F548               61     MOV TEMP, A                     ;Store Accumulator Value in TEMP
0059 C2D5               62     CLR PSW.5                       ;Clear Directing bit   0 = HUM   1 = TEMP
005B C2D6               63     CLR PSW.6                       ;Clear Decimal Skip bit
                        64
                        65     DIAGNOSTIC_DISPLAY:     ;Displays Full Diagnostic screen with updating values
005D 1201B0             66     LCALL LINE2
0060 120152             67     LCALL TEXT2
0063 1200AE             68     LCALL HMDTY
0066 120080             69     LCALL CHECK
0069 12007F             70     LCALL DELAY2
006C 020013             71     LJMP MAIN
                        72
                        73
                        74     DELAY1:                 ;18ms Delay
006F 758CB9             75     MOV TH0,#0B9H                   ;Time high set -> 185D
0072 758AB0             76     MOV TL0,#0B0H                   ;Time low set -> 176D
0075 D28C               77     SETB TR0                        ;Timer RUN
0077 308DFD             78     JNB TF0,$                       ;Stay Here till TF0 set
007A C28C               79     CLR TR0                         ;Clear Timer RUN
007C C28D               80     CLR TF0                         ;Clear Timer Overflow
007E 22                 81     RET
                        82
                        83     DELAY2:
                        84     ;MOV R1,#112D
                        85     ;BACK:
                        86     ;LCALL DELAY1
                        87     ;DJNZ R1,BACK
007F 22                 88     RET
                        89
                        90     CHECK:
0080 E8                 91     MOV A,R0
0081 75F041             92     MOV B,#65D
0084 95F0               93     SUBB A,B
0086 20D707             94     JB PSW.7,NEXT1
0089 12016C             95     LCALL TEXT3
008C D2A0               96     SETB P2.0
008E 8005               97     SJMP DISP1
                        98
                        99     NEXT1:
0090 120181            100     LCALL TEXT4
0093 C2A0              101     CLR P2.0
                       102
                       103     DISP1:
0095 C2D7              104     CLR PSW.7
0097 22                105     RET
                       106
0098 F580              107     SETD: MOV P0,A
009A C2A7              108     CLR RS
009C C2A6              109     CLR RW
009E D2A5              110     SETB E
00A0 C2A5              111     CLR E
                       112     ;LCALL DELAY
00A2 22                113     RET
                       114
                       115     WRITE:
                       116
00A3 F580              117     MOV P0,A
00A5 D2A7              118     SETB RS
00A7 C2A6              119     CLR RW
00A9 D2A5              120     SETB E
00AB C2A5              121     CLR E
                       122     ;LCALL DELAY
00AD 22                123     RET
                       124
                       125     HMDTY:                  ;Assembles Humidity reading percentage
00AE E549              126     MOV A,HUM                       ;Store HUM Value in ACC
00B0 75F00A            127     MOV B,#10D                      ;Store 10D in B ACC
00B3 84                128     DIV AB                          ;Divide ACC by B ACC
00B4 ABF0              129     MOV R3,B                        ;Store remainder in register 3
00B6 75F00A            130     MOV B,#10D                      ;Store 10D in B ACC
00B9 84                131     DIV AB                          ;Divide ACC by B ACC
00BA 1201CB            132     LCALL ASCII                     ;Convert to ASCII
00BD 1200A3            133     LCALL WRITE                     ;Write to Display
00C0 E5F0              134     MOV A,B                         ;Store remainder in ACC
00C2 1201CB            135     LCALL ASCII                     ;Convert to ASCII
00C5 1200A3            136     LCALL WRITE                     ;Write to Display
00C8 EB                137     MOV A,R3                        ;Store register 3 in ACC
00C9 1201CB            138     LCALL ASCII                     ;Convert to ASCII
00CC 1200A3            139     LCALL WRITE                     ;Write to Display
00CF 7425              140     MOV A,#'%'                      ;Store Percent symbol in ACC
00D1 1200A3            141     LCALL WRITE                     ;Write to Display
00D4 22                142     RET
                       143
                       144     TEMPERATURE:            ;Assembles Temperature reading
00D5 E549              145     MOV A,HUM                       ;Store HUM Value in ACC
00D7 75F00A            146     MOV B,#10D                      ;Store 10D in B ACC
00DA 84                147     DIV AB                          ;Divide ACC by B ACC
00DB ABF0              148     MOV R3,B                        ;Store remainder in register 3
00DD 75F00A            149     MOV B,#10D                      ;Store 10D in B ACC
00E0 84                150     DIV AB                          ;Divide ACC by B ACC
00E1 1201CB            151     LCALL ASCII                     ;Convert to ASCII
00E4 1200A3            152     LCALL WRITE                     ;Write to Display
00E7 E5F0              153     MOV A,B                         ;Store remainder in ACC
00E9 1201CB            154     LCALL ASCII                     ;Convert to ASCII
00EC 1200A3            155     LCALL WRITE                     ;Write to Display
00EF EB                156     MOV A,R3                        ;Store register 3 in ACC
00F0 1201CB            157     LCALL ASCII                     ;Convert to ASCII
00F3 1200A3            158     LCALL WRITE                     ;Write to Display
00F6 74DF              159     MOV A,#11011111b                ;Store Degree symbol in ACC
00F8 1200A3            160     LCALL WRITE                     ;Write to Display
00FB 7443              161     MOV A,#'C'                      ;Store 'C' in ACC
00FD 1200A3            162     LCALL WRITE
0100 22                163     RET
                       164
                       165     WELCOME:
0101 7420              166     MOV A,#' '
0103 1200A3            167     LCALL WRITE
0106 7420              168     MOV A,#' '
0108 1200A3            169     LCALL WRITE
010B 7420              170     MOV A,#' '
010D 1200A3            171     LCALL WRITE
0110 7420              172     MOV A,#' '
0112 1200A3            173     LCALL WRITE
0115 7457              174     MOV A,#'W'
0117 1200A3            175     LCALL WRITE
011A 7465              176     MOV A,#'e'
011C 1200A3            177     LCALL WRITE
011F 746C              178     MOV A,#'l'
0121 1200A3            179     LCALL WRITE
0124 7463              180     MOV A,#'c'
0126 1200A3            181     LCALL WRITE
0129 746F              182     MOV A,#'o'
012B 1200A3            183     LCALL WRITE
012E 746D              184     MOV A,#'m'
0130 1200A3            185     LCALL WRITE
0133 7465              186     MOV A,#'e'
0135 1200A3            187     LCALL WRITE
0138 7420              188     MOV A,#' '
013A 1200A3            189     LCALL WRITE
013D 7420              190     MOV A,#' '
013F 1200A3            191     LCALL WRITE
0142 7420              192     MOV A,#' '
0144 1200A3            193     LCALL WRITE
0147 7420              194     MOV A,#' '
0149 1200A3            195     LCALL WRITE
014C 7420              196     MOV A,#' '
014E 1200A3            197     LCALL WRITE
0151 22                198     RET
                       199
                       200     TEXT2:                  ;Writes 'RH = ' to Display
0152 7452              201     MOV A,#'R'
0154 1200A3            202     LCALL WRITE
0157 7448              203     MOV A,#'H'
0159 1200A3            204     LCALL WRITE
015C 7420              205     MOV A,#' '
015E 1200A3            206     LCALL WRITE
0161 743D              207     MOV A,#'='
0163 1200A3            208     LCALL WRITE
0166 7420              209     MOV A,#' '
0168 1200A3            210     LCALL WRITE
016B 22                211     RET
                       212     TEXT3:
016C 7420              213     MOV A,#' '
016E 1200A3            214     LCALL WRITE
0171 7420              215     MOV A,#' '
0173 1200A3            216     LCALL WRITE
0176 744F              217     MOV A,#'O'
0178 1200A3            218     LCALL WRITE
017B 744E              219     MOV A,#'N'
017D 1200A3            220     LCALL WRITE
0180 22                221     RET
                       222
                       223      TEXT4:
0181 7420              224     MOV A,#' '
0183 1200A3            225     LCALL WRITE
0186 744F              226     MOV A,#'O'
0188 1200A3            227     LCALL WRITE
018B 7446              228     MOV A,#'F'
018D 1200A3            229     LCALL WRITE
0190 7446              230     MOV A,#'F'
0192 1200A3            231     LCALL WRITE
0195 22                232     RET
                       233
                       234     LCD_INIT:               ;Initializtion for the LCD
0196 7438              235     MOV A,#38H                      ;Set Function SET
0198 120098            236     LCALL SETD                      ;SET
019B 740F              237     MOV A,#0FH                      ;Set Display/Cursor Settings
019D 120098            238     LCALL SETD                      ;SET
01A0 7401              239     MOV A,#1H                       ;Clear Display
01A2 120098            240     LCALL SETD                      ;SET
01A5 7406              241     MOV A,#6H                       ;Entry Mode Set
01A7 120098            242     LCALL SETD                      ;SET
01AA 7480              243     MOV A,#80H                      ;Set DDRAM Address
01AC 120098            244     LCALL SETD                      ;SET
01AF 22                245     RET
                       246
                       247     LINE2:                  ;Shifts Display to Line 2
01B0 74C0              248     MOV A,#0C0H
01B2 120098            249     LCALL SETD                      ;SET
01B5 22                250     RET
                       251
                       252     DELAY:                  ;LCD Delay
01B6 C2A5              253     CLR E                           ;Clear Enable
01B8 C2A7              254     CLR RS                          ;Clear RS
01BA D2A6              255     SETB RW                         ;Clear R/W
01BC 7580FF            256     MOV P0,#0FFH                    ;Set P0 -> 1111 1111b
01BF D2A5              257     SETB E                          ;Set Enable
01C1 E580              258     MOV A,P0                        ;Set ACC to P0
01C3 20E7F0            259     JB ACC.7,DELAY                  ;Jump to Delay if ACC.7 set
01C6 C2A5              260     CLR E                           ;Clear Enable
01C8 C2A6              261     CLR RW                          ;Clear R/W
01CA 22                262     RET
                       263
                       264     ASCII:
01CB 93                265     MOVC A,@A+DPTR
01CC 22                266     RET
                       267     ENDP:
01CD 80FE              268     SJMP ENDP
                       269
                       270     VALUES:
01CF 30                271     DB  48D
01D0 31                272     DB  49D
01D1 32                273     DB  50D
01D2 33                274     DB  51D
01D3 34                275     DB  52D
01D4 35                276     DB  53D
01D5 36                277     DB  54D
01D6 37                278     DB  55D
01D7 38                279     DB  56D
01D8 39                280     DB  57D
                       281     END
ASSEMBLY COMPLETE, NO ERRORS FOUND, NO WARNINGS


SYMBOL TABLE:
??MCU_8051_IDE . . . . . . . . . . .  N  NUMB  8051H  NOT USED
??VERSION. . . . . . . . . . . . . .  N  NUMB  0147H  NOT USED
AC . . . . . . . . . . . . . . . . .  B  ADDR  00D6H  NOT USED
ACC. . . . . . . . . . . . . . . . .  D  ADDR  00E0H
ACSR . . . . . . . . . . . . . . . .  D  ADDR  0097H  NOT USED
ADCF . . . . . . . . . . . . . . . .  D  ADDR  00F6H  NOT USED
ADCLK. . . . . . . . . . . . . . . .  D  ADDR  00F2H  NOT USED
ADCON. . . . . . . . . . . . . . . .  D  ADDR  00F3H  NOT USED
ADDH . . . . . . . . . . . . . . . .  D  ADDR  00F5H  NOT USED
ADDL . . . . . . . . . . . . . . . .  D  ADDR  00F4H  NOT USED
AGAIN. . . . . . . . . . . . . . . .  C  ADDR  0052H
ASCII. . . . . . . . . . . . . . . .  C  ADDR  01CBH
AUXR . . . . . . . . . . . . . . . .  D  ADDR  008EH  NOT USED
AUXR1. . . . . . . . . . . . . . . .  D  ADDR  00A2H  NOT USED
B. . . . . . . . . . . . . . . . . .  D  ADDR  00F0H
BDRCON . . . . . . . . . . . . . . .  D  ADDR  009BH  NOT USED
BDRCON_1 . . . . . . . . . . . . . .  D  ADDR  009CH  NOT USED
BRL. . . . . . . . . . . . . . . . .  D  ADDR  009AH  NOT USED
CCAP0H . . . . . . . . . . . . . . .  D  ADDR  00FAH  NOT USED
CCAP0L . . . . . . . . . . . . . . .  D  ADDR  00EAH  NOT USED
CCAP1H . . . . . . . . . . . . . . .  D  ADDR  00FBH  NOT USED
CCAP1L . . . . . . . . . . . . . . .  D  ADDR  00EBH  NOT USED
CCAP2H . . . . . . . . . . . . . . .  D  ADDR  00FCH  NOT USED
CCAP3H . . . . . . . . . . . . . . .  D  ADDR  00FDH  NOT USED
CCAP4H . . . . . . . . . . . . . . .  D  ADDR  00FEH  NOT USED
CCAPL2H. . . . . . . . . . . . . . .  D  ADDR  00FCH  NOT USED
CCAPL2L. . . . . . . . . . . . . . .  D  ADDR  00ECH  NOT USED
CCAPL3H. . . . . . . . . . . . . . .  D  ADDR  00FDH  NOT USED
CCAPL3L. . . . . . . . . . . . . . .  D  ADDR  00EDH  NOT USED
CCAPL4H. . . . . . . . . . . . . . .  D  ADDR  00FEH  NOT USED
CCAPL4L. . . . . . . . . . . . . . .  D  ADDR  00EEH  NOT USED
CCAPM0 . . . . . . . . . . . . . . .  D  ADDR  00DAH  NOT USED
CCAPM1 . . . . . . . . . . . . . . .  D  ADDR  00DBH  NOT USED
CCAPM2 . . . . . . . . . . . . . . .  D  ADDR  00DCH  NOT USED
CCAPM3 . . . . . . . . . . . . . . .  D  ADDR  00DDH  NOT USED
CCAPM4 . . . . . . . . . . . . . . .  D  ADDR  00DEH  NOT USED
CCF0 . . . . . . . . . . . . . . . .  B  ADDR  00D8H  NOT USED
CCF1 . . . . . . . . . . . . . . . .  B  ADDR  00D9H  NOT USED
CCF2 . . . . . . . . . . . . . . . .  B  ADDR  00DAH  NOT USED
CCF3 . . . . . . . . . . . . . . . .  B  ADDR  00DBH  NOT USED
CCF4 . . . . . . . . . . . . . . . .  B  ADDR  00DCH  NOT USED
CCON . . . . . . . . . . . . . . . .  D  ADDR  00D8H  NOT USED
CFINT. . . . . . . . . . . . . . . .  C  ADDR  0033H  NOT USED
CH . . . . . . . . . . . . . . . . .  D  ADDR  00F9H  NOT USED
CHECK. . . . . . . . . . . . . . . .  C  ADDR  0080H
CKCON. . . . . . . . . . . . . . . .  D  ADDR  008FH  NOT USED
CKCON0 . . . . . . . . . . . . . . .  D  ADDR  008FH  NOT USED
CKRL . . . . . . . . . . . . . . . .  D  ADDR  0097H  NOT USED
CKSEL. . . . . . . . . . . . . . . .  D  ADDR  0085H  NOT USED
CL . . . . . . . . . . . . . . . . .  D  ADDR  00E9H  NOT USED
CLKREG . . . . . . . . . . . . . . .  D  ADDR  008FH  NOT USED
CMOD . . . . . . . . . . . . . . . .  D  ADDR  00D9H  NOT USED
CPRL2. . . . . . . . . . . . . . . .  B  ADDR  00C8H  NOT USED
CR . . . . . . . . . . . . . . . . .  B  ADDR  00DEH  NOT USED
CT2. . . . . . . . . . . . . . . . .  B  ADDR  00C9H  NOT USED
CY . . . . . . . . . . . . . . . . .  B  ADDR  00D7H  NOT USED
DATALOOP . . . . . . . . . . . . . .  C  ADDR  0024H
DELAY. . . . . . . . . . . . . . . .  C  ADDR  01B6H
DELAY1 . . . . . . . . . . . . . . .  C  ADDR  006FH  NOT USED
DELAY2 . . . . . . . . . . . . . . .  C  ADDR  007FH
DIAGNOSTIC_DISPLAY . . . . . . . . .  C  ADDR  005DH  NOT USED
DISP . . . . . . . . . . . . . . . .  C  ADDR  003EH
DISP1. . . . . . . . . . . . . . . .  C  ADDR  0095H
DP0H . . . . . . . . . . . . . . . .  D  ADDR  0083H  NOT USED
DP0L . . . . . . . . . . . . . . . .  D  ADDR  0082H  NOT USED
DP1H . . . . . . . . . . . . . . . .  D  ADDR  0085H  NOT USED
DP1L . . . . . . . . . . . . . . . .  D  ADDR  0084H  NOT USED
DPH. . . . . . . . . . . . . . . . .  D  ADDR  0083H  NOT USED
DPL. . . . . . . . . . . . . . . . .  D  ADDR  0082H  NOT USED
E. . . . . . . . . . . . . . . . . .  N  NUMB  00A5H
EA . . . . . . . . . . . . . . . . .  B  ADDR  00AFH  NOT USED
EC . . . . . . . . . . . . . . . . .  B  ADDR  00AEH  NOT USED
EECON. . . . . . . . . . . . . . . .  D  ADDR  0096H  NOT USED
ENDP . . . . . . . . . . . . . . . .  C  ADDR  01CDH
ES . . . . . . . . . . . . . . . . .  B  ADDR  00ACH  NOT USED
ET0. . . . . . . . . . . . . . . . .  B  ADDR  00A9H  NOT USED
ET1. . . . . . . . . . . . . . . . .  B  ADDR  00ABH  NOT USED
ET2. . . . . . . . . . . . . . . . .  B  ADDR  00ADH  NOT USED
EX0. . . . . . . . . . . . . . . . .  B  ADDR  00A8H  NOT USED
EX1. . . . . . . . . . . . . . . . .  B  ADDR  00AAH  NOT USED
EXEN2. . . . . . . . . . . . . . . .  B  ADDR  00CBH  NOT USED
EXF2 . . . . . . . . . . . . . . . .  B  ADDR  00CEH  NOT USED
EXTI0. . . . . . . . . . . . . . . .  C  ADDR  0003H  NOT USED
EXTI1. . . . . . . . . . . . . . . .  C  ADDR  0013H  NOT USED
F0 . . . . . . . . . . . . . . . . .  B  ADDR  00D5H  NOT USED
FE . . . . . . . . . . . . . . . . .  B  ADDR  009FH  NOT USED
HMDTY. . . . . . . . . . . . . . . .  C  ADDR  00AEH
HUM. . . . . . . . . . . . . . . . .  N  NUMB  0049H
IE . . . . . . . . . . . . . . . . .  D  ADDR  00A8H  NOT USED
IE0. . . . . . . . . . . . . . . . .  B  ADDR  0089H  NOT USED
IE1. . . . . . . . . . . . . . . . .  B  ADDR  008BH  NOT USED
INIT . . . . . . . . . . . . . . . .  C  ADDR  0000H  NOT USED
INT0 . . . . . . . . . . . . . . . .  B  ADDR  00B2H  NOT USED
INT1 . . . . . . . . . . . . . . . .  B  ADDR  00B3H  NOT USED
IP . . . . . . . . . . . . . . . . .  D  ADDR  00B8H  NOT USED
IPH. . . . . . . . . . . . . . . . .  D  ADDR  00B7H  NOT USED
IPH0 . . . . . . . . . . . . . . . .  D  ADDR  00B7H  NOT USED
IPH1 . . . . . . . . . . . . . . . .  D  ADDR  00B3H  NOT USED
IPL0 . . . . . . . . . . . . . . . .  D  ADDR  00B8H  NOT USED
IPL1 . . . . . . . . . . . . . . . .  D  ADDR  00B2H  NOT USED
IT0. . . . . . . . . . . . . . . . .  B  ADDR  0088H  NOT USED
IT1. . . . . . . . . . . . . . . . .  B  ADDR  008AH  NOT USED
KBE. . . . . . . . . . . . . . . . .  D  ADDR  009DH  NOT USED
KBF. . . . . . . . . . . . . . . . .  D  ADDR  009EH  NOT USED
KBLS . . . . . . . . . . . . . . . .  D  ADDR  009CH  NOT USED
LCD_INIT . . . . . . . . . . . . . .  C  ADDR  0196H
LINE2. . . . . . . . . . . . . . . .  C  ADDR  01B0H
LOW. . . . . . . . . . . . . . . . .  C  ADDR  003CH
MAIN . . . . . . . . . . . . . . . .  C  ADDR  0013H
NEXT1. . . . . . . . . . . . . . . .  C  ADDR  0090H
OSCCON . . . . . . . . . . . . . . .  D  ADDR  0086H  NOT USED
OV . . . . . . . . . . . . . . . . .  B  ADDR  00D2H  NOT USED
P. . . . . . . . . . . . . . . . . .  B  ADDR  00D0H  NOT USED
P0 . . . . . . . . . . . . . . . . .  D  ADDR  0080H
P1 . . . . . . . . . . . . . . . . .  D  ADDR  0090H  NOT USED
P1M1 . . . . . . . . . . . . . . . .  D  ADDR  00D4H  NOT USED
P1M2 . . . . . . . . . . . . . . . .  D  ADDR  00E2H  NOT USED
P2 . . . . . . . . . . . . . . . . .  D  ADDR  00A0H
P3 . . . . . . . . . . . . . . . . .  D  ADDR  00B0H
P3M1 . . . . . . . . . . . . . . . .  D  ADDR  00D5H  NOT USED
P3M2 . . . . . . . . . . . . . . . .  D  ADDR  00E3H  NOT USED
P4 . . . . . . . . . . . . . . . . .  D  ADDR  00C0H  NOT USED
P4M1 . . . . . . . . . . . . . . . .  D  ADDR  00D6H  NOT USED
P4M2 . . . . . . . . . . . . . . . .  D  ADDR  00E4H  NOT USED
P5 . . . . . . . . . . . . . . . . .  D  ADDR  00E8H  NOT USED
PC . . . . . . . . . . . . . . . . .  B  ADDR  00BEH  NOT USED
PCON . . . . . . . . . . . . . . . .  D  ADDR  0087H  NOT USED
PPCL . . . . . . . . . . . . . . . .  B  ADDR  00BEH  NOT USED
PS . . . . . . . . . . . . . . . . .  B  ADDR  00BCH  NOT USED
PSL. . . . . . . . . . . . . . . . .  B  ADDR  00BCH  NOT USED
PSW. . . . . . . . . . . . . . . . .  D  ADDR  00D0H
PT0. . . . . . . . . . . . . . . . .  B  ADDR  00B9H  NOT USED
PT0L . . . . . . . . . . . . . . . .  B  ADDR  00B9H  NOT USED
PT1. . . . . . . . . . . . . . . . .  B  ADDR  00BBH  NOT USED
PT1L . . . . . . . . . . . . . . . .  B  ADDR  00BBH  NOT USED
PT2. . . . . . . . . . . . . . . . .  B  ADDR  00BDH  NOT USED
PT2L . . . . . . . . . . . . . . . .  B  ADDR  00BDH  NOT USED
PX0. . . . . . . . . . . . . . . . .  B  ADDR  00B8H  NOT USED
PX0L . . . . . . . . . . . . . . . .  B  ADDR  00B8H  NOT USED
PX1. . . . . . . . . . . . . . . . .  B  ADDR  00BAH  NOT USED
PX1L . . . . . . . . . . . . . . . .  B  ADDR  00BAH  NOT USED
RB8. . . . . . . . . . . . . . . . .  B  ADDR  009AH  NOT USED
RCAP2H . . . . . . . . . . . . . . .  D  ADDR  00CBH  NOT USED
RCAP2L . . . . . . . . . . . . . . .  D  ADDR  00CAH  NOT USED
RCLK . . . . . . . . . . . . . . . .  B  ADDR  00CDH  NOT USED
RD . . . . . . . . . . . . . . . . .  B  ADDR  00B7H  NOT USED
REN. . . . . . . . . . . . . . . . .  B  ADDR  009CH  NOT USED
RESET. . . . . . . . . . . . . . . .  C  ADDR  0000H  NOT USED
RI . . . . . . . . . . . . . . . . .  B  ADDR  0098H  NOT USED
RS . . . . . . . . . . . . . . . . .  N  NUMB  00A7H
RS0. . . . . . . . . . . . . . . . .  B  ADDR  00D3H  NOT USED
RS1. . . . . . . . . . . . . . . . .  B  ADDR  00D4H  NOT USED
RW . . . . . . . . . . . . . . . . .  N  NUMB  00A6H
RXD. . . . . . . . . . . . . . . . .  B  ADDR  00B0H  NOT USED
SADDR. . . . . . . . . . . . . . . .  D  ADDR  00A9H  NOT USED
SADDR_0. . . . . . . . . . . . . . .  D  ADDR  00A9H  NOT USED
SADDR_1. . . . . . . . . . . . . . .  D  ADDR  00AAH  NOT USED
SADEN. . . . . . . . . . . . . . . .  D  ADDR  00B9H  NOT USED
SADEN_0. . . . . . . . . . . . . . .  D  ADDR  00B9H  NOT USED
SADEN_1. . . . . . . . . . . . . . .  D  ADDR  00BAH  NOT USED
SAVEHUM. . . . . . . . . . . . . . .  C  ADDR  004BH  NOT USED
SAVETEMP . . . . . . . . . . . . . .  C  ADDR  0057H
SBUF . . . . . . . . . . . . . . . .  D  ADDR  0099H  NOT USED
SCON . . . . . . . . . . . . . . . .  D  ADDR  0098H  NOT USED
SETD . . . . . . . . . . . . . . . .  C  ADDR  0098H
SINT . . . . . . . . . . . . . . . .  C  ADDR  0023H  NOT USED
SM0. . . . . . . . . . . . . . . . .  B  ADDR  009FH  NOT USED
SM1. . . . . . . . . . . . . . . . .  B  ADDR  009EH  NOT USED
SM2. . . . . . . . . . . . . . . . .  B  ADDR  009DH  NOT USED
SP . . . . . . . . . . . . . . . . .  D  ADDR  0081H  NOT USED
SPCON. . . . . . . . . . . . . . . .  D  ADDR  00C3H  NOT USED
SPCR . . . . . . . . . . . . . . . .  D  ADDR  00D5H  NOT USED
SPDAT. . . . . . . . . . . . . . . .  D  ADDR  00C5H  NOT USED
SPDR . . . . . . . . . . . . . . . .  D  ADDR  0086H  NOT USED
SPSR . . . . . . . . . . . . . . . .  D  ADDR  00AAH  NOT USED
SPSTA. . . . . . . . . . . . . . . .  D  ADDR  00C4H  NOT USED
T0 . . . . . . . . . . . . . . . . .  B  ADDR  00B4H  NOT USED
T1 . . . . . . . . . . . . . . . . .  B  ADDR  00B5H  NOT USED
T2CON. . . . . . . . . . . . . . . .  D  ADDR  00C8H  NOT USED
T2MOD. . . . . . . . . . . . . . . .  D  ADDR  00C9H  NOT USED
TB8. . . . . . . . . . . . . . . . .  B  ADDR  009BH  NOT USED
TCLK . . . . . . . . . . . . . . . .  B  ADDR  00CCH  NOT USED
TCON . . . . . . . . . . . . . . . .  D  ADDR  0088H  NOT USED
TEMP . . . . . . . . . . . . . . . .  N  NUMB  0048H
TEMPERATURE. . . . . . . . . . . . .  C  ADDR  00D5H  NOT USED
TEXT2. . . . . . . . . . . . . . . .  C  ADDR  0152H
TEXT3. . . . . . . . . . . . . . . .  C  ADDR  016CH
TEXT4. . . . . . . . . . . . . . . .  C  ADDR  0181H
TF0. . . . . . . . . . . . . . . . .  B  ADDR  008DH
TF1. . . . . . . . . . . . . . . . .  B  ADDR  008FH  NOT USED
TF2. . . . . . . . . . . . . . . . .  B  ADDR  00CFH  NOT USED
TH0. . . . . . . . . . . . . . . . .  D  ADDR  008CH
TH1. . . . . . . . . . . . . . . . .  D  ADDR  008DH  NOT USED
TH2. . . . . . . . . . . . . . . . .  D  ADDR  00CDH  NOT USED
TI . . . . . . . . . . . . . . . . .  B  ADDR  0099H  NOT USED
TIMER0 . . . . . . . . . . . . . . .  C  ADDR  000BH  NOT USED
TIMER1 . . . . . . . . . . . . . . .  C  ADDR  001BH  NOT USED
TIMER2 . . . . . . . . . . . . . . .  C  ADDR  002BH  NOT USED
TL0. . . . . . . . . . . . . . . . .  D  ADDR  008AH
TL1. . . . . . . . . . . . . . . . .  D  ADDR  008BH
TL2. . . . . . . . . . . . . . . . .  D  ADDR  00CCH  NOT USED
TMOD . . . . . . . . . . . . . . . .  D  ADDR  0089H
TR0. . . . . . . . . . . . . . . . .  B  ADDR  008CH
TR1. . . . . . . . . . . . . . . . .  B  ADDR  008EH
TR2. . . . . . . . . . . . . . . . .  B  ADDR  00CAH  NOT USED
TXD. . . . . . . . . . . . . . . . .  B  ADDR  00B1H  NOT USED
VALUES . . . . . . . . . . . . . . .  C  ADDR  01CFH
WAIT1. . . . . . . . . . . . . . . .  C  ADDR  001BH  NOT USED
WAIT2. . . . . . . . . . . . . . . .  C  ADDR  001EH  NOT USED
WAIT3. . . . . . . . . . . . . . . .  C  ADDR  0021H  NOT USED
WAIT4. . . . . . . . . . . . . . . .  C  ADDR  002BH  NOT USED
WDTCON . . . . . . . . . . . . . . .  D  ADDR  00A7H  NOT USED
WDTPRG . . . . . . . . . . . . . . .  D  ADDR  00A7H  NOT USED
WDTRST . . . . . . . . . . . . . . .  D  ADDR  00A6H  NOT USED
WELCOME. . . . . . . . . . . . . . .  C  ADDR  0101H
WR . . . . . . . . . . . . . . . . .  B  ADDR  00B6H  NOT USED
WRITE. . . . . . . . . . . . . . . .  C  ADDR  00A3H