THERM_MAIN                                                                                                              PAGE 1
                         1     ;*******DELAYS OFF FOR SIMULATION*******
                         2     ;;;;;;Assign Port Names;;;;;;
  00B2                   3     RS EQU P3.2             ;RS
  00B1                   4     RW EQU P3.1             ;RW
  00B3                   5     E  EQU P3.3             ;E
                         6
                         7     ;*****Switches********
                         8     ; P2.5 = Inc up      *
                         9     ; P2.6 = Dec down    *
                        10     ; P2.7 = Enter/Setup *
                        11     ;*********************
                        12
                        13     ;*****Outputs*******
                        14     ; P2.0 = Humi Up   *
                        15     ; P2.1 = Humi Down *
                        16     ; P2.2 = Temp Up   *
                        17     ; P2.3 = Temp Down *
                        18     ;*******************
                        19
                        20     ;;;;;;Init Variables;;;;;;
  0048                  21     TEMP EQU 48H
  0049                  22     HUM  EQU 49H
                        23     ORG 000H
                        24     ;;;;;;INIT;;;;;;
                        25     INIT:                   ;Program Initialization
0000 900212             26     MOV DPTR,#VALUES                ;Move DPTR to Values LUT
0003 D280               27     SETB P0.0                       ;Set DHT11 Data Port
0005 C2A0               28     CLR P2.0                        ;Clear Output*
0007 758921             29     MOV TMOD,#00100001B             ;Set TMOD
000A 758B00             30     MOV TL1,#00D                    ;Set Timer Low Byte
000D 1201D9             31     LCALL LCD_INIT                  ;Call LCD Init subroutine
0010 12011C             32     LCALL WELCOME                   ;Call Welcome Text
0013 12008B             33     LCALL DELAY2                    ; 2 sec Delay
0016 1200B3             34     LCALL CLEARD                    ; Clear Display
0019 120068             35     LCALL DIAGNOSTIC_DISPLAY        ;******For Simulation******
                        36     ;LCALL DELAY2
                        37     ;LJMP   ENDP                    ;******For Simulation******
                        38
                        39     MAIN:                   ;Main Routine
001C 7908               40     MOV R1,#8D                      ;Set R1 -> 8D ->08H
001E D280               41     SETB P0.0                       ;Set DHT11 Data Port
0020 C280               42     CLR P0.0                        ;Clear DHT11 Data Port
0022 12007B             43     LCALL DELAY1                    ;Delay
0025 D280               44     SETB P0.0                       ;Set DHT11 Data Port
0027 2080FD             45     WAIT1:JB P0.0,$                 ;Wait till Data Port LOW
002A 3080FD             46     WAIT2:JNB P0.0,$                ;Wait till Data Port HIGH
002D 2080FD             47     WAIT3:JB P0.0,$                 ;Wait till Data Port LOW
                        48
                        49     DATALOOP:               ;DHT11 Data Colection LOOP
0030 3080FD             50     JNB P0.0,DATALOOP               ;Wait till Data Port HIGH
0033 23                 51     RL A                            ;Rotate ACC Left
0034 F8                 52     MOV R0,A                        ;Move ACC to Register 0
0035 D28E               53     SETB TR1                        ;SET Timer 1 RUN
                        54     WAIT4:
0037 2080FD             55     JB P0.0,$                       ;Wait till Data Port LOW
003A C28E               56     CLR TR1                         ;Stop Timer 1
003C E58B               57     MOV A,TL1                       ;Move Timer 1 Low to ACC
003E 9432               58     SUBB A,#50D                     ;ACC - 50D[00110010b] If carry is set, bit is low
0040 E8                 59     MOV A,R0                        ;Move Register 0 to ACC
0041 20D704             60     JB PSW.7, LOW                   ;Jump to LOW if Carry High
0044 D2E0               61     SETB ACC.0                      ;Set ACC.0 to 1 -- High Bit Recieved
0046 8002               62     SJMP DISP                       ;Jump to DISP
                        63
                        64     LOW:
0048 C2E0               65     CLR ACC.0                       ;Clear ACC Bit 0 -- Low Bit Recieved
                        66
                        67     DISP:
004A 758B00             68     MOV TL1,#00D                    ;Set Timer 1 Low -> 0H
004D C2D7               69     CLR PSW.7                       ;Clear carry flag
004F D9DF               70     DJNZ R1,DATALOOP                ;Decrement R1, and Jump to DATALOOP if not zero
0051 20D607             71     JB PSW.6, AGAIN                 ;Jump if Decimal skip bit = 1
0054 20D50B             72     JB PSW.5, SAVETEMP              ;If F0 is 1, Save Temp
                        73     SAVEHUM:
0057 F549               74     MOV HUM, A                      ;Store Accumulator Value in HUM
0059 D2D6               75     SETB PSW.6                      ;Set Skip Decimal Data
                        76     AGAIN:
005B D2D5               77     SETB PSW.5                      ;Set Directing bit   0 = HUM   1 = TEMP
005D 7908               78     MOV R1, #08D
005F 020030             79     LJMP DATALOOP
                        80     SAVETEMP:
0062 F548               81     MOV TEMP, A                     ;Store Accumulator Value in TEMP
0064 C2D5               82     CLR PSW.5                       ;Clear Directing bit   0 = HUM   1 = TEMP
0066 C2D6               83     CLR PSW.6                       ;Clear Decimal Skip bit
                        84
                        85     DIAGNOSTIC_DISPLAY:     ;Displays Full Diagnostic screen with updating values
0068 12016D             86     LCALL DIAGTEXT                  ;Title
006B 1201F3             87     LCALL LINE2                     ;Jump to line 2
006E 1201B9             88     LCALL TEXT2                     ; RH=
0071 1200C9             89     LCALL HMDTY                     ; Hum reading
0074 1201C9             90     LCALL TEXT3                     ; T=
0077 1200F0             91     LCALL TEMPERATURE               ; Temp reading
                        92     ;LCALL DELAY2                   ; 2 sec delay
                        93     ;LJMP MAIN
007A 22                 94     RET
                        95
                        96
                        97     DELAY1:                 ;18ms Delay
007B 758CB9             98     MOV TH0,#0B9H                   ;Time high set -> 185D
007E 758AB0             99     MOV TL0,#0B0H                   ;Time low set -> 176D
0081 D28C              100     SETB TR0                        ;Timer RUN
0083 308DFD            101     JNB TF0,$                       ;Stay Here till TF0 set
0086 C28C              102     CLR TR0                         ;Clear Timer RUN
0088 C28D              103     CLR TF0                         ;Clear Timer Overflow
008A 22                104     RET
                       105
                       106     DELAY2:                 ;******Change to timer_counter
008B 7970              107     MOV R1,#112D
                       108     BACK:
008D 12007B            109     LCALL DELAY1
0090 D9FB              110     DJNZ R1,BACK
0092 22                111     RET
                       112
                       113     CHECK:                  ;Basic value check
0093 E8                114     MOV A,R0
0094 75F041            115     MOV B,#65D
0097 95F0              116     SUBB A,B
0099 20D707            117     JB PSW.7,NEXT1
009C 1201C9            118     LCALL TEXT3
009F D2A0              119     SETB P2.0
00A1 8002              120     SJMP DISP1
                       121
                       122     NEXT1:
                       123     ;LCALL TEXT4
00A3 C2A0              124     CLR P2.0
                       125
                       126     DISP1:
00A5 C2D7              127     CLR PSW.7
00A7 22                128     RET
                       129
                       130     SETD:                   ;For LCD Func
00A8 F590              131     MOV P1,A
00AA C2B2              132     CLR RS
00AC C2B1              133     CLR RW
00AE D2B3              134     SETB E
00B0 C2B3              135     CLR E
                       136     ;LCALL DELAY
00B2 22                137     RET
                       138
                       139     CLEARD:                 ;Clear the LCD
00B3 7401              140     MOV A, #01H
00B5 1200A8            141     LCALL SETD
00B8 7480              142     MOV A, #80H
00BA 1200A8            143     LCALL SETD
                       144     ;LCALL DELAY
00BD 22                145     RET
                       146
                       147     WRITE:                  ;Writes Data to Display
                       148
00BE F590              149     MOV P1,A
00C0 D2B2              150     SETB RS
00C2 C2B1              151     CLR RW
00C4 D2B3              152     SETB E
00C6 C2B3              153     CLR E
                       154     ;LCALL DELAY
00C8 22                155     RET
                       156
                       157     HMDTY:                  ;Assembles Humidity reading percentage
00C9 E549              158     MOV A,HUM                       ;Store HUM Value in ACC
00CB 75F00A            159     MOV B,#10D                      ;Store 10D in B ACC
00CE 84                160     DIV AB                          ;Divide ACC by B ACC
00CF ABF0              161     MOV R3,B                        ;Store remainder in register 3
00D1 75F00A            162     MOV B,#10D                      ;Store 10D in B ACC
00D4 84                163     DIV AB                          ;Divide ACC by B ACC
00D5 12020E            164     LCALL ASCII                     ;Convert to ASCII
00D8 1200BE            165     LCALL WRITE                     ;Write to Display
00DB E5F0              166     MOV A,B                         ;Store remainder in ACC
00DD 12020E            167     LCALL ASCII                     ;Convert to ASCII
00E0 1200BE            168     LCALL WRITE                     ;Write to Display
00E3 EB                169     MOV A,R3                        ;Store register 3 in ACC
00E4 12020E            170     LCALL ASCII                     ;Convert to ASCII
00E7 1200BE            171     LCALL WRITE                     ;Write to Display
00EA 7425              172     MOV A,#'%'                      ;Store Percent symbol in ACC
00EC 1200BE            173     LCALL WRITE                     ;Write to Display
00EF 22                174     RET
                       175
                       176     TEMPERATURE:            ;Assembles Temperature reading
00F0 E548              177     MOV A,TEMP                      ;Store TEMP Value in ACC
00F2 75F00A            178     MOV B,#10D                      ;Store 10D in B ACC
00F5 84                179     DIV AB                          ;Divide ACC by B ACC
00F6 ABF0              180     MOV R3,B                        ;Store remainder in register 3
00F8 75F00A            181     MOV B,#10D                      ;Store 10D in B ACC
00FB 84                182     DIV AB                          ;Divide ACC by B ACC
00FC 12020E            183     LCALL ASCII                     ;Convert to ASCII
00FF 1200BE            184     LCALL WRITE                     ;Write to Display
0102 E5F0              185     MOV A,B                         ;Store remainder in ACC
0104 12020E            186     LCALL ASCII                     ;Convert to ASCII
0107 1200BE            187     LCALL WRITE                     ;Write to Display
010A EB                188     MOV A,R3                        ;Store register 3 in ACC
010B 12020E            189     LCALL ASCII                     ;Convert to ASCII
010E 1200BE            190     LCALL WRITE                     ;Write to Display
0111 74DF              191     MOV A,#11011111b                ;Store Degree symbol in ACC
0113 1200BE            192     LCALL WRITE                     ;Write to Display
0116 7443              193     MOV A,#'C'                      ;Store 'C' in ACC
0118 1200BE            194     LCALL WRITE
011B 22                195     RET
                       196
                       197     WELCOME:
011C 7420              198     MOV A,#' '
011E 1200BE            199     LCALL WRITE
0121 7420              200     MOV A,#' '
0123 1200BE            201     LCALL WRITE
0126 7420              202     MOV A,#' '
0128 1200BE            203     LCALL WRITE
012B 7420              204     MOV A,#' '
012D 1200BE            205     LCALL WRITE
0130 7457              206     MOV A,#'W'
0132 1200BE            207     LCALL WRITE
0135 7465              208     MOV A,#'e'
0137 1200BE            209     LCALL WRITE
013A 746C              210     MOV A,#'l'
013C 1200BE            211     LCALL WRITE
013F 7463              212     MOV A,#'c'
0141 1200BE            213     LCALL WRITE
0144 746F              214     MOV A,#'o'
0146 1200BE            215     LCALL WRITE
0149 746D              216     MOV A,#'m'
014B 1200BE            217     LCALL WRITE
014E 7465              218     MOV A,#'e'
0150 1200BE            219     LCALL WRITE
0153 7420              220     MOV A,#' '
0155 1200BE            221     LCALL WRITE
0158 7420              222     MOV A,#' '
015A 1200BE            223     LCALL WRITE
015D 7420              224     MOV A,#' '
015F 1200BE            225     LCALL WRITE
0162 7420              226     MOV A,#' '
0164 1200BE            227     LCALL WRITE
0167 7420              228     MOV A,#' '
0169 1200BE            229     LCALL WRITE
016C 22                230     RET
                       231
                       232     DIAGTEXT:
016D 7448              233     MOV A,#'H'
016F 1200BE            234     LCALL WRITE
0172 7455              235     MOV A,#'U'
0174 1200BE            236     LCALL WRITE
0177 744D              237     MOV A,#'M'
0179 1200BE            238     LCALL WRITE
017C 7420              239     MOV A,#' '
017E 1200BE            240     LCALL WRITE
0181 7426              241     MOV A,#'&'
0183 1200BE            242     LCALL WRITE
0186 7420              243     MOV A,#' '
0188 1200BE            244     LCALL WRITE
018B 7454              245     MOV A,#'T'
018D 1200BE            246     LCALL WRITE
0190 7445              247     MOV A,#'E'
0192 1200BE            248     LCALL WRITE
0195 744D              249     MOV A,#'M'
0197 1200BE            250     LCALL WRITE
019A 7450              251     MOV A,#'P'
019C 1200BE            252     LCALL WRITE
019F 7420              253     MOV A,#' '
01A1 1200BE            254     LCALL WRITE
01A4 7444              255     MOV A,#'D'
01A6 1200BE            256     LCALL WRITE
01A9 7449              257     MOV A,#'I'
01AB 1200BE            258     LCALL WRITE
01AE 7441              259     MOV A,#'A'
01B0 1200BE            260     LCALL WRITE
01B3 7447              261     MOV A,#'G'
01B5 1200BE            262     LCALL WRITE
01B8 22                263     RET
                       264     TEXT2:                  ;Writes 'RH = ' to Display
01B9 7452              265     MOV A,#'R'
01BB 1200BE            266     LCALL WRITE
01BE 7448              267     MOV A,#'H'
01C0 1200BE            268     LCALL WRITE
01C3 743D              269     MOV A,#'='
01C5 1200BE            270     LCALL WRITE
                       271
01C8 22                272     RET
                       273     TEXT3:
01C9 7420              274     MOV A,#' '
01CB 1200BE            275     LCALL WRITE
01CE 7454              276     MOV A,#'T'
01D0 1200BE            277     LCALL WRITE
01D3 743D              278     MOV A,#'='
01D5 1200BE            279     LCALL WRITE
01D8 22                280     RET
                       281
                       282
                       283     LCD_INIT:               ;Initializtion for the LCD
01D9 7438              284     MOV A,#38H                      ;Set Function SET
01DB 1200A8            285     LCALL SETD                      ;SET
01DE 740F              286     MOV A,#0FH                      ;Set Display/Cursor Settings
01E0 1200A8            287     LCALL SETD                      ;SET
01E3 7401              288     MOV A,#1H                       ;Clear Display
01E5 1200A8            289     LCALL SETD                      ;SET
01E8 7406              290     MOV A,#6H                       ;Entry Mode Set
01EA 1200A8            291     LCALL SETD                      ;SET
01ED 7480              292     MOV A,#80H                      ;Set DDRAM Address
01EF 1200A8            293     LCALL SETD                      ;SET
                       294     ;LCALL DELAY
01F2 22                295     RET
                       296
                       297     LINE2:                  ;Shifts Display to Line 2
01F3 74C0              298     MOV A,#0C0H
01F5 1200A8            299     LCALL SETD                      ;SET
01F8 22                300     RET
                       301
                       302     DELAY:                  ;LCD Delay
01F9 C2B3              303     CLR E                           ;Clear Enable
01FB C2B2              304     CLR RS                          ;Clear RS
01FD D2B1              305     SETB RW                         ;Clear R/W
01FF 7590FF            306     MOV P1,#0FFH                    ;Set P1 -> 1111 1111b
0202 D2B3              307     SETB E                          ;Set Enable
0204 E590              308     MOV A,P1                        ;Set ACC to P1
0206 20E7F0            309     JB ACC.7,DELAY                  ;Jump to Delay if ACC.7 set
0209 C2B3              310     CLR E                           ;Clear Enable
020B C2B1              311     CLR RW                          ;Clear R/W
020D 22                312     RET
                       313
                       314     ASCII:
020E 93                315     MOVC A,@A+DPTR
020F 22                316     RET
                       317     ENDP:
0210 80FE              318     SJMP ENDP
                       319
                       320     VALUES:
0212 30                321     DB  48D
0213 31                322     DB  49D
0214 32                323     DB  50D
0215 33                324     DB  51D
0216 34                325     DB  52D
0217 35                326     DB  53D
0218 36                327     DB  54D
0219 37                328     DB  55D
021A 38                329     DB  56D
021B 39                330     DB  57D
                       331     END
ASSEMBLY COMPLETE, NO ERRORS FOUND, NO WARNINGS


SYMBOL TABLE:
??MCU_8051_IDE . . . . . . . . . . .  N  NUMB  8051H  NOT USED
??VERSION. . . . . . . . . . . . . .  N  NUMB  0147H  NOT USED
AC . . . . . . . . . . . . . . . . .  B  ADDR  00D6H  NOT USED
ACC. . . . . . . . . . . . . . . . .  D  ADDR  00E0H
ACSR . . . . . . . . . . . . . . . .  D  ADDR  0097H  NOT USED
ADCF . . . . . . . . . . . . . . . .  D  ADDR  00F6H  NOT USED
ADCLK. . . . . . . . . . . . . . . .  D  ADDR  00F2H  NOT USED
ADCON. . . . . . . . . . . . . . . .  D  ADDR  00F3H  NOT USED
ADDH . . . . . . . . . . . . . . . .  D  ADDR  00F5H  NOT USED
ADDL . . . . . . . . . . . . . . . .  D  ADDR  00F4H  NOT USED
AGAIN. . . . . . . . . . . . . . . .  C  ADDR  005BH
ASCII. . . . . . . . . . . . . . . .  C  ADDR  020EH
AUXR . . . . . . . . . . . . . . . .  D  ADDR  008EH  NOT USED
AUXR1. . . . . . . . . . . . . . . .  D  ADDR  00A2H  NOT USED
B. . . . . . . . . . . . . . . . . .  D  ADDR  00F0H
BACK . . . . . . . . . . . . . . . .  C  ADDR  008DH
BDRCON . . . . . . . . . . . . . . .  D  ADDR  009BH  NOT USED
BDRCON_1 . . . . . . . . . . . . . .  D  ADDR  009CH  NOT USED
BRL. . . . . . . . . . . . . . . . .  D  ADDR  009AH  NOT USED
CCAP0H . . . . . . . . . . . . . . .  D  ADDR  00FAH  NOT USED
CCAP0L . . . . . . . . . . . . . . .  D  ADDR  00EAH  NOT USED
CCAP1H . . . . . . . . . . . . . . .  D  ADDR  00FBH  NOT USED
CCAP1L . . . . . . . . . . . . . . .  D  ADDR  00EBH  NOT USED
CCAP2H . . . . . . . . . . . . . . .  D  ADDR  00FCH  NOT USED
CCAP3H . . . . . . . . . . . . . . .  D  ADDR  00FDH  NOT USED
CCAP4H . . . . . . . . . . . . . . .  D  ADDR  00FEH  NOT USED
CCAPL2H. . . . . . . . . . . . . . .  D  ADDR  00FCH  NOT USED
CCAPL2L. . . . . . . . . . . . . . .  D  ADDR  00ECH  NOT USED
CCAPL3H. . . . . . . . . . . . . . .  D  ADDR  00FDH  NOT USED
CCAPL3L. . . . . . . . . . . . . . .  D  ADDR  00EDH  NOT USED
CCAPL4H. . . . . . . . . . . . . . .  D  ADDR  00FEH  NOT USED
CCAPL4L. . . . . . . . . . . . . . .  D  ADDR  00EEH  NOT USED
CCAPM0 . . . . . . . . . . . . . . .  D  ADDR  00DAH  NOT USED
CCAPM1 . . . . . . . . . . . . . . .  D  ADDR  00DBH  NOT USED
CCAPM2 . . . . . . . . . . . . . . .  D  ADDR  00DCH  NOT USED
CCAPM3 . . . . . . . . . . . . . . .  D  ADDR  00DDH  NOT USED
CCAPM4 . . . . . . . . . . . . . . .  D  ADDR  00DEH  NOT USED
CCF0 . . . . . . . . . . . . . . . .  B  ADDR  00D8H  NOT USED
CCF1 . . . . . . . . . . . . . . . .  B  ADDR  00D9H  NOT USED
CCF2 . . . . . . . . . . . . . . . .  B  ADDR  00DAH  NOT USED
CCF3 . . . . . . . . . . . . . . . .  B  ADDR  00DBH  NOT USED
CCF4 . . . . . . . . . . . . . . . .  B  ADDR  00DCH  NOT USED
CCON . . . . . . . . . . . . . . . .  D  ADDR  00D8H  NOT USED
CFINT. . . . . . . . . . . . . . . .  C  ADDR  0033H  NOT USED
CH . . . . . . . . . . . . . . . . .  D  ADDR  00F9H  NOT USED
CHECK. . . . . . . . . . . . . . . .  C  ADDR  0093H  NOT USED
CKCON. . . . . . . . . . . . . . . .  D  ADDR  008FH  NOT USED
CKCON0 . . . . . . . . . . . . . . .  D  ADDR  008FH  NOT USED
CKRL . . . . . . . . . . . . . . . .  D  ADDR  0097H  NOT USED
CKSEL. . . . . . . . . . . . . . . .  D  ADDR  0085H  NOT USED
CL . . . . . . . . . . . . . . . . .  D  ADDR  00E9H  NOT USED
CLEARD . . . . . . . . . . . . . . .  C  ADDR  00B3H
CLKREG . . . . . . . . . . . . . . .  D  ADDR  008FH  NOT USED
CMOD . . . . . . . . . . . . . . . .  D  ADDR  00D9H  NOT USED
CPRL2. . . . . . . . . . . . . . . .  B  ADDR  00C8H  NOT USED
CR . . . . . . . . . . . . . . . . .  B  ADDR  00DEH  NOT USED
CT2. . . . . . . . . . . . . . . . .  B  ADDR  00C9H  NOT USED
CY . . . . . . . . . . . . . . . . .  B  ADDR  00D7H  NOT USED
DATALOOP . . . . . . . . . . . . . .  C  ADDR  0030H
DELAY. . . . . . . . . . . . . . . .  C  ADDR  01F9H
DELAY1 . . . . . . . . . . . . . . .  C  ADDR  007BH
DELAY2 . . . . . . . . . . . . . . .  C  ADDR  008BH
DIAGNOSTIC_DISPLAY . . . . . . . . .  C  ADDR  0068H
DIAGTEXT . . . . . . . . . . . . . .  C  ADDR  016DH
DISP . . . . . . . . . . . . . . . .  C  ADDR  004AH
DISP1. . . . . . . . . . . . . . . .  C  ADDR  00A5H
DP0H . . . . . . . . . . . . . . . .  D  ADDR  0083H  NOT USED
DP0L . . . . . . . . . . . . . . . .  D  ADDR  0082H  NOT USED
DP1H . . . . . . . . . . . . . . . .  D  ADDR  0085H  NOT USED
DP1L . . . . . . . . . . . . . . . .  D  ADDR  0084H  NOT USED
DPH. . . . . . . . . . . . . . . . .  D  ADDR  0083H  NOT USED
DPL. . . . . . . . . . . . . . . . .  D  ADDR  0082H  NOT USED
E. . . . . . . . . . . . . . . . . .  N  NUMB  00B3H
EA . . . . . . . . . . . . . . . . .  B  ADDR  00AFH  NOT USED
EC . . . . . . . . . . . . . . . . .  B  ADDR  00AEH  NOT USED
EECON. . . . . . . . . . . . . . . .  D  ADDR  0096H  NOT USED
ENDP . . . . . . . . . . . . . . . .  C  ADDR  0210H
ES . . . . . . . . . . . . . . . . .  B  ADDR  00ACH  NOT USED
ET0. . . . . . . . . . . . . . . . .  B  ADDR  00A9H  NOT USED
ET1. . . . . . . . . . . . . . . . .  B  ADDR  00ABH  NOT USED
ET2. . . . . . . . . . . . . . . . .  B  ADDR  00ADH  NOT USED
EX0. . . . . . . . . . . . . . . . .  B  ADDR  00A8H  NOT USED
EX1. . . . . . . . . . . . . . . . .  B  ADDR  00AAH  NOT USED
EXEN2. . . . . . . . . . . . . . . .  B  ADDR  00CBH  NOT USED
EXF2 . . . . . . . . . . . . . . . .  B  ADDR  00CEH  NOT USED
EXTI0. . . . . . . . . . . . . . . .  C  ADDR  0003H  NOT USED
EXTI1. . . . . . . . . . . . . . . .  C  ADDR  0013H  NOT USED
F0 . . . . . . . . . . . . . . . . .  B  ADDR  00D5H  NOT USED
FE . . . . . . . . . . . . . . . . .  B  ADDR  009FH  NOT USED
HMDTY. . . . . . . . . . . . . . . .  C  ADDR  00C9H
HUM. . . . . . . . . . . . . . . . .  N  NUMB  0049H
IE . . . . . . . . . . . . . . . . .  D  ADDR  00A8H  NOT USED
IE0. . . . . . . . . . . . . . . . .  B  ADDR  0089H  NOT USED
IE1. . . . . . . . . . . . . . . . .  B  ADDR  008BH  NOT USED
INIT . . . . . . . . . . . . . . . .  C  ADDR  0000H  NOT USED
INT0 . . . . . . . . . . . . . . . .  B  ADDR  00B2H  NOT USED
INT1 . . . . . . . . . . . . . . . .  B  ADDR  00B3H  NOT USED
IP . . . . . . . . . . . . . . . . .  D  ADDR  00B8H  NOT USED
IPH. . . . . . . . . . . . . . . . .  D  ADDR  00B7H  NOT USED
IPH0 . . . . . . . . . . . . . . . .  D  ADDR  00B7H  NOT USED
IPH1 . . . . . . . . . . . . . . . .  D  ADDR  00B3H  NOT USED
IPL0 . . . . . . . . . . . . . . . .  D  ADDR  00B8H  NOT USED
IPL1 . . . . . . . . . . . . . . . .  D  ADDR  00B2H  NOT USED
IT0. . . . . . . . . . . . . . . . .  B  ADDR  0088H  NOT USED
IT1. . . . . . . . . . . . . . . . .  B  ADDR  008AH  NOT USED
KBE. . . . . . . . . . . . . . . . .  D  ADDR  009DH  NOT USED
KBF. . . . . . . . . . . . . . . . .  D  ADDR  009EH  NOT USED
KBLS . . . . . . . . . . . . . . . .  D  ADDR  009CH  NOT USED
LCD_INIT . . . . . . . . . . . . . .  C  ADDR  01D9H
LINE2. . . . . . . . . . . . . . . .  C  ADDR  01F3H
LOW. . . . . . . . . . . . . . . . .  C  ADDR  0048H
MAIN . . . . . . . . . . . . . . . .  C  ADDR  001CH  NOT USED
NEXT1. . . . . . . . . . . . . . . .  C  ADDR  00A3H
OSCCON . . . . . . . . . . . . . . .  D  ADDR  0086H  NOT USED
OV . . . . . . . . . . . . . . . . .  B  ADDR  00D2H  NOT USED
P. . . . . . . . . . . . . . . . . .  B  ADDR  00D0H  NOT USED
P0 . . . . . . . . . . . . . . . . .  D  ADDR  0080H
P1 . . . . . . . . . . . . . . . . .  D  ADDR  0090H
P1M1 . . . . . . . . . . . . . . . .  D  ADDR  00D4H  NOT USED
P1M2 . . . . . . . . . . . . . . . .  D  ADDR  00E2H  NOT USED
P2 . . . . . . . . . . . . . . . . .  D  ADDR  00A0H
P3 . . . . . . . . . . . . . . . . .  D  ADDR  00B0H  NOT USED
P3M1 . . . . . . . . . . . . . . . .  D  ADDR  00D5H  NOT USED
P3M2 . . . . . . . . . . . . . . . .  D  ADDR  00E3H  NOT USED
P4 . . . . . . . . . . . . . . . . .  D  ADDR  00C0H  NOT USED
P4M1 . . . . . . . . . . . . . . . .  D  ADDR  00D6H  NOT USED
P4M2 . . . . . . . . . . . . . . . .  D  ADDR  00E4H  NOT USED
P5 . . . . . . . . . . . . . . . . .  D  ADDR  00E8H  NOT USED
PC . . . . . . . . . . . . . . . . .  B  ADDR  00BEH  NOT USED
PCON . . . . . . . . . . . . . . . .  D  ADDR  0087H  NOT USED
PPCL . . . . . . . . . . . . . . . .  B  ADDR  00BEH  NOT USED
PS . . . . . . . . . . . . . . . . .  B  ADDR  00BCH  NOT USED
PSL. . . . . . . . . . . . . . . . .  B  ADDR  00BCH  NOT USED
PSW. . . . . . . . . . . . . . . . .  D  ADDR  00D0H
PT0. . . . . . . . . . . . . . . . .  B  ADDR  00B9H  NOT USED
PT0L . . . . . . . . . . . . . . . .  B  ADDR  00B9H  NOT USED
PT1. . . . . . . . . . . . . . . . .  B  ADDR  00BBH  NOT USED
PT1L . . . . . . . . . . . . . . . .  B  ADDR  00BBH  NOT USED
PT2. . . . . . . . . . . . . . . . .  B  ADDR  00BDH  NOT USED
PT2L . . . . . . . . . . . . . . . .  B  ADDR  00BDH  NOT USED
PX0. . . . . . . . . . . . . . . . .  B  ADDR  00B8H  NOT USED
PX0L . . . . . . . . . . . . . . . .  B  ADDR  00B8H  NOT USED
PX1. . . . . . . . . . . . . . . . .  B  ADDR  00BAH  NOT USED
PX1L . . . . . . . . . . . . . . . .  B  ADDR  00BAH  NOT USED
RB8. . . . . . . . . . . . . . . . .  B  ADDR  009AH  NOT USED
RCAP2H . . . . . . . . . . . . . . .  D  ADDR  00CBH  NOT USED
RCAP2L . . . . . . . . . . . . . . .  D  ADDR  00CAH  NOT USED
RCLK . . . . . . . . . . . . . . . .  B  ADDR  00CDH  NOT USED
RD . . . . . . . . . . . . . . . . .  B  ADDR  00B7H  NOT USED
REN. . . . . . . . . . . . . . . . .  B  ADDR  009CH  NOT USED
RESET. . . . . . . . . . . . . . . .  C  ADDR  0000H  NOT USED
RI . . . . . . . . . . . . . . . . .  B  ADDR  0098H  NOT USED
RS . . . . . . . . . . . . . . . . .  N  NUMB  00B2H
RS0. . . . . . . . . . . . . . . . .  B  ADDR  00D3H  NOT USED
RS1. . . . . . . . . . . . . . . . .  B  ADDR  00D4H  NOT USED
RW . . . . . . . . . . . . . . . . .  N  NUMB  00B1H
RXD. . . . . . . . . . . . . . . . .  B  ADDR  00B0H  NOT USED
SADDR. . . . . . . . . . . . . . . .  D  ADDR  00A9H  NOT USED
SADDR_0. . . . . . . . . . . . . . .  D  ADDR  00A9H  NOT USED
SADDR_1. . . . . . . . . . . . . . .  D  ADDR  00AAH  NOT USED
SADEN. . . . . . . . . . . . . . . .  D  ADDR  00B9H  NOT USED
SADEN_0. . . . . . . . . . . . . . .  D  ADDR  00B9H  NOT USED
SADEN_1. . . . . . . . . . . . . . .  D  ADDR  00BAH  NOT USED
SAVEHUM. . . . . . . . . . . . . . .  C  ADDR  0057H  NOT USED
SAVETEMP . . . . . . . . . . . . . .  C  ADDR  0062H
SBUF . . . . . . . . . . . . . . . .  D  ADDR  0099H  NOT USED
SCON . . . . . . . . . . . . . . . .  D  ADDR  0098H  NOT USED
SETD . . . . . . . . . . . . . . . .  C  ADDR  00A8H
SINT . . . . . . . . . . . . . . . .  C  ADDR  0023H  NOT USED
SM0. . . . . . . . . . . . . . . . .  B  ADDR  009FH  NOT USED
SM1. . . . . . . . . . . . . . . . .  B  ADDR  009EH  NOT USED
SM2. . . . . . . . . . . . . . . . .  B  ADDR  009DH  NOT USED
SP . . . . . . . . . . . . . . . . .  D  ADDR  0081H  NOT USED
SPCON. . . . . . . . . . . . . . . .  D  ADDR  00C3H  NOT USED
SPCR . . . . . . . . . . . . . . . .  D  ADDR  00D5H  NOT USED
SPDAT. . . . . . . . . . . . . . . .  D  ADDR  00C5H  NOT USED
SPDR . . . . . . . . . . . . . . . .  D  ADDR  0086H  NOT USED
SPSR . . . . . . . . . . . . . . . .  D  ADDR  00AAH  NOT USED
SPSTA. . . . . . . . . . . . . . . .  D  ADDR  00C4H  NOT USED
T0 . . . . . . . . . . . . . . . . .  B  ADDR  00B4H  NOT USED
T1 . . . . . . . . . . . . . . . . .  B  ADDR  00B5H  NOT USED
T2CON. . . . . . . . . . . . . . . .  D  ADDR  00C8H  NOT USED
T2MOD. . . . . . . . . . . . . . . .  D  ADDR  00C9H  NOT USED
TB8. . . . . . . . . . . . . . . . .  B  ADDR  009BH  NOT USED
TCLK . . . . . . . . . . . . . . . .  B  ADDR  00CCH  NOT USED
TCON . . . . . . . . . . . . . . . .  D  ADDR  0088H  NOT USED
TEMP . . . . . . . . . . . . . . . .  N  NUMB  0048H
TEMPERATURE. . . . . . . . . . . . .  C  ADDR  00F0H
TEXT2. . . . . . . . . . . . . . . .  C  ADDR  01B9H
TEXT3. . . . . . . . . . . . . . . .  C  ADDR  01C9H
TF0. . . . . . . . . . . . . . . . .  B  ADDR  008DH
TF1. . . . . . . . . . . . . . . . .  B  ADDR  008FH  NOT USED
TF2. . . . . . . . . . . . . . . . .  B  ADDR  00CFH  NOT USED
TH0. . . . . . . . . . . . . . . . .  D  ADDR  008CH
TH1. . . . . . . . . . . . . . . . .  D  ADDR  008DH  NOT USED
TH2. . . . . . . . . . . . . . . . .  D  ADDR  00CDH  NOT USED
TI . . . . . . . . . . . . . . . . .  B  ADDR  0099H  NOT USED
TIMER0 . . . . . . . . . . . . . . .  C  ADDR  000BH  NOT USED
TIMER1 . . . . . . . . . . . . . . .  C  ADDR  001BH  NOT USED
TIMER2 . . . . . . . . . . . . . . .  C  ADDR  002BH  NOT USED
TL0. . . . . . . . . . . . . . . . .  D  ADDR  008AH
TL1. . . . . . . . . . . . . . . . .  D  ADDR  008BH
TL2. . . . . . . . . . . . . . . . .  D  ADDR  00CCH  NOT USED
TMOD . . . . . . . . . . . . . . . .  D  ADDR  0089H
TR0. . . . . . . . . . . . . . . . .  B  ADDR  008CH
TR1. . . . . . . . . . . . . . . . .  B  ADDR  008EH
TR2. . . . . . . . . . . . . . . . .  B  ADDR  00CAH  NOT USED
TXD. . . . . . . . . . . . . . . . .  B  ADDR  00B1H  NOT USED
VALUES . . . . . . . . . . . . . . .  C  ADDR  0212H
WAIT1. . . . . . . . . . . . . . . .  C  ADDR  0027H  NOT USED
WAIT2. . . . . . . . . . . . . . . .  C  ADDR  002AH  NOT USED
WAIT3. . . . . . . . . . . . . . . .  C  ADDR  002DH  NOT USED
WAIT4. . . . . . . . . . . . . . . .  C  ADDR  0037H  NOT USED
WDTCON . . . . . . . . . . . . . . .  D  ADDR  00A7H  NOT USED
WDTPRG . . . . . . . . . . . . . . .  D  ADDR  00A7H  NOT USED
WDTRST . . . . . . . . . . . . . . .  D  ADDR  00A6H  NOT USED
WELCOME. . . . . . . . . . . . . . .  C  ADDR  011CH
WR . . . . . . . . . . . . . . . . .  B  ADDR  00B6H  NOT USED
WRITE. . . . . . . . . . . . . . . .  C  ADDR  00BEH